
The following have been reloaded with a version change:
  1) gcc-runtime/11.5.0 => gcc-runtime/13.4.0


Currently Loaded Modules:
  1) glibc/2.34           9) libevent/2.1.12  17) lz4/1.10.0
  2) gmp/6.3.0           10) numactl/2.1.0    18) snappy/1.2.1
  3) mpfr/4.2.1          11) openssh/8.7p1    19) c-blosc/1.21.6
  4) mpc/1.3.1           12) slurm/24.05.3    20) libaec/1.0.6
  5) zlib/1.2.11         13) openmpi/5.0.8    21) netcdf-c/4.9.3
  6) zstd/1.5.1          14) bzip2/1.0.8      22) netcdf-fortran/4.6.2
  7) gcc/13.4.0          15) pkgconf/1.7.3
  8) gcc-runtime/13.4.0  16) hdf5/1.14.6

 

STOP NORMAL END
STOP NORMAL END
STOP NORMAL END
STOP NORMAL END
STOP NORMAL END
STOP NORMAL END
STOP NORMAL END
STOP NORMAL END
STOP NORMAL END
STOP NORMAL END
STOP NORMAL END
STOP NORMAL END
STOP NORMAL END
STOP NORMAL END
STOP NORMAL END
STOP NORMAL END
STOP NORMAL END
STOP NORMAL END
STOP NORMAL END
STOP NORMAL END
STOP NORMAL END
STOP NORMAL END
STOP NORMAL END
STOP NORMAL END
STOP NORMAL END
STOP NORMAL END
STOP NORMAL END
STOP NORMAL END
STOP NORMAL END
STOP NORMAL END
STOP NORMAL END
STOP NORMAL END
STOP NORMAL END
STOP NORMAL END
STOP NORMAL END
STOP NORMAL END
STOP NORMAL END
STOP NORMAL END
STOP NORMAL END
STOP NORMAL END
STOP NORMAL END
STOP NORMAL END
STOP NORMAL END
STOP NORMAL END
STOP NORMAL END
STOP NORMAL END
STOP NORMAL END
STOP NORMAL END
STOP NORMAL END
STOP NORMAL END
STOP NORMAL END
STOP NORMAL END
STOP NORMAL END
STOP NORMAL END
STOP NORMAL END
STOP NORMAL END
STOP NORMAL END
STOP NORMAL END
STOP NORMAL END
STOP NORMAL END
STOP NORMAL END
STOP NORMAL END
STOP NORMAL END
STOP NORMAL END
Writing non-record variables
Writing 38 records: ......................................
Writing non-record variables
Writing 36 records: ....................................
Writing non-record variables
Writing 36 records: ....................................
Writing non-record variables
